2022-12-17 13:12:420 INFO  HomePage :37 - Clicking on login link : [[ChromeDriver: chrome on WINDOWS (8c3155b2ba6f7ffa718c4b75ad23f8db)] -> link text: Log in]
2022-12-17 13:12:497 INFO  LoginPage :44 - Getting text from : [[ChromeDriver: chrome on WINDOWS (8c3155b2ba6f7ffa718c4b75ad23f8db)] -> xpath: //h1[contains(text(),'Welcome, Please Sign In!')]]
2022-12-17 13:12:613 INFO  HomePage :37 - Clicking on login link : [[ChromeDriver: chrome on WINDOWS (6475a4a7d28e431e5715090396c1b7b1)] -> link text: Log in]
2022-12-17 13:12:693 INFO  LoginPage :44 - Getting text from : [[ChromeDriver: chrome on WINDOWS (6475a4a7d28e431e5715090396c1b7b1)] -> xpath: //h1[contains(text(),'Welcome, Please Sign In!')]]
2022-12-17 13:12:902 INFO  HomePage :37 - Clicking on login link : [[ChromeDriver: chrome on WINDOWS (53abce445e70105cf8e4323960800e02)] -> link text: Log in]
2022-12-17 13:12:971 INFO  LoginPage :44 - Getting text from : [[ChromeDriver: chrome on WINDOWS (53abce445e70105cf8e4323960800e02)] -> xpath: //h1[contains(text(),'Welcome, Please Sign In!')]]
2022-12-17 13:12:912 INFO  HomePage :37 - Clicking on login link : [[ChromeDriver: chrome on WINDOWS (91bf529184a9a692a43a2609d6b93c19)] -> link text: Log in]
2022-12-17 14:12:541 INFO  HomePage :37 - Clicking on login link : [[ChromeDriver: chrome on WINDOWS (fe2939138e4be7d27ef9420e7a526275)] -> link text: Log in]
2022-12-17 14:12:745 INFO  HomePage :37 - Clicking on login link : [[ChromeDriver: chrome on WINDOWS (a2f8fb8ed941ade330795d2107ca715b)] -> link text: Log in]
2022-12-17 14:12:697 INFO  HomePage :37 - Clicking on login link : [[ChromeDriver: chrome on WINDOWS (e87bb933a3397f26583b36046b133f53)] -> link text: Log in]
2022-12-17 15:12:780 INFO  HomePage :37 - Clicking on login link : [[ChromeDriver: chrome on WINDOWS (f099fb4054db61893033f376ed84fc77)] -> link text: Log in]
2022-12-17 15:12:837 INFO  LoginPage :44 - Getting text from : [[ChromeDriver: chrome on WINDOWS (f099fb4054db61893033f376ed84fc77)] -> xpath: //h1[contains(text(),'Welcome, Please Sign In!')]]
2022-12-17 15:12:529 INFO  HomePage :37 - Clicking on login link : [[ChromeDriver: chrome on WINDOWS (4eef9bf78aa733d9715649a30600f787)] -> link text: Log in]
2022-12-17 15:12:138 INFO  HomePage :37 - Clicking on login link : [[ChromeDriver: chrome on WINDOWS (73142d36f8be521e624662ff5099b5d9)] -> link text: Log in]
2022-12-17 15:12:193 INFO  LoginPage :44 - Getting text from : [[ChromeDriver: chrome on WINDOWS (73142d36f8be521e624662ff5099b5d9)] -> xpath: //h1[contains(text(),'Welcome, Please Sign In!')]]
2022-12-17 15:12:799 INFO  HomePage :37 - Clicking on login link : [[ChromeDriver: chrome on WINDOWS (8179f061152b37d161d98c6687e5485b)] -> link text: Log in]
2022-12-20 20:24:57 INFO  HomePage :77 - Mouse hover on “Desktops” Tab and click [[ChromeDriver: chrome on WINDOWS (b1a3e6806ac40587a8518b842af79cd0)] -> link text: Desktops]
2022-12-20 20:24:58 INFO  HomePage :96 - Click on Show All Desktop tab [[ChromeDriver: chrome on WINDOWS (b1a3e6806ac40587a8518b842af79cd0)] -> link text: Show All Desktops]
2022-12-20 20:24:58 INFO  HomePage :109 - Clicking on Currency on top of page [[ChromeDriver: chrome on WINDOWS (b1a3e6806ac40587a8518b842af79cd0)] -> xpath: //span[contains(text(),'Currency')]]
2022-12-20 20:24:59 INFO  HomePage :117 - Select £ Pound Sterling from currency drop down list [[[ChromeDriver: chrome on WINDOWS (b1a3e6806ac40587a8518b842af79cd0)] -> xpath: //ul[@class = 'dropdown-menu']/li], [[ChromeDriver: chrome on WINDOWS (b1a3e6806ac40587a8518b842af79cd0)] -> xpath: //ul[@class = 'dropdown-menu']/li], [[ChromeDriver: chrome on WINDOWS (b1a3e6806ac40587a8518b842af79cd0)] -> xpath: //ul[@class = 'dropdown-menu']/li]]
2022-12-20 20:24:59 INFO  DesktopPage :78 - Select option product sorted by Name (A - Z)from sort by options [[ChromeDriver: chrome on WINDOWS (b1a3e6806ac40587a8518b842af79cd0)] -> id: input-sort]
2022-12-20 20:25:01 INFO  DesktopPage :84 - Clicking on HP LP3065[[ChromeDriver: chrome on WINDOWS (b1a3e6806ac40587a8518b842af79cd0)] -> xpath: //a[contains(text(),'HP LP3065')]]
2022-12-20 20:25:01 INFO  ProductPage :53 - Verify the Text "HP LP3065" [[ChromeDriver: chrome on WINDOWS (b1a3e6806ac40587a8518b842af79cd0)] -> xpath: //a[contains(text(),'HP LP3065')]]
2022-12-20 20:25:01 INFO  ProductPage :59 - Select 2022November30to date field [[ChromeDriver: chrome on WINDOWS (b1a3e6806ac40587a8518b842af79cd0)] -> xpath: //div[@class = 'input-group date']//button]
2022-12-20 20:25:06 INFO  ProductPage :83 - Enter Qty1to quantity field [[ChromeDriver: chrome on WINDOWS (b1a3e6806ac40587a8518b842af79cd0)] -> xpath: //input[@id='input-quantity']]
2022-12-20 20:25:07 INFO  ProductPage :88 - Clicking on Login Button [[ChromeDriver: chrome on WINDOWS (b1a3e6806ac40587a8518b842af79cd0)] -> xpath: //button[@id='button-cart']]
2022-12-20 20:25:07 INFO  ProductPage :93 - Verify the Message “Success: You have added HP LP3065 to your shopping cart!” [[ChromeDriver: chrome on WINDOWS (b1a3e6806ac40587a8518b842af79cd0)] -> xpath: //div[@class='alert alert-success alert-dismissible']]
2022-12-20 20:25:08 INFO  ProductPage :100 - Click on link “shopping cart” display into success message [[ChromeDriver: chrome on WINDOWS (b1a3e6806ac40587a8518b842af79cd0)] -> xpath: //a[contains(text(),'shopping cart')]]
2022-12-20 20:25:08 INFO  ShoppingCartPage :46 -  Verify the text "Shopping Cart" [[ChromeDriver: chrome on WINDOWS (b1a3e6806ac40587a8518b842af79cd0)] -> xpath: //div[@id='content']//h1]
2022-12-20 20:25:08 INFO  ShoppingCartPage :51 - Verify the Product name "HP LP3065" [[ChromeDriver: chrome on WINDOWS (b1a3e6806ac40587a8518b842af79cd0)] -> xpath: //div[@class = 'table-responsive']/table/tbody/tr/td[2]/a]
2022-12-20 20:25:08 INFO  ShoppingCartPage :56 - Verify the Delivery Date "2022-11-30" [[ChromeDriver: chrome on WINDOWS (b1a3e6806ac40587a8518b842af79cd0)] -> xpath: //small[contains(text(),'Delivery Date: 2022-11-30')]]
2022-12-20 20:25:08 INFO  ShoppingCartPage :61 - Verify the Model "Product21" [[ChromeDriver: chrome on WINDOWS (b1a3e6806ac40587a8518b842af79cd0)] -> xpath: //td[contains(text(),'Product 21')]]
2022-12-20 20:25:08 INFO  ShoppingCartPage :66 - Verify the Todat "£74.73"[[ChromeDriver: chrome on WINDOWS (b1a3e6806ac40587a8518b842af79cd0)] -> xpath: //div[@class = 'table-responsive']/table/tbody/tr/td[6]]
2022-12-20 20:25:37 INFO  HomePage :77 - Mouse hover on “Desktops” Tab and click [[ChromeDriver: chrome on WINDOWS (e047d3c0ddd17a1efc59981477223464)] -> link text: Desktops]
2022-12-20 20:25:37 INFO  HomePage :96 - Click on Show All Desktop tab [[ChromeDriver: chrome on WINDOWS (e047d3c0ddd17a1efc59981477223464)] -> link text: Show All Desktops]
2022-12-20 20:25:38 INFO  DesktopPage :46 - Click on sort by position [[ChromeDriver: chrome on WINDOWS (e047d3c0ddd17a1efc59981477223464)] -> id: input-sort]
2022-12-20 20:25:38 INFO  DesktopPage :78 - Select option product sorted by Name (Z - A)from sort by options [[ChromeDriver: chrome on WINDOWS (e047d3c0ddd17a1efc59981477223464)] -> id: input-sort]
2022-12-20 20:25:57 INFO  HomePage :83 - Mouse hover on “Laptops & Notebooks” Tab and click [[ChromeDriver: chrome on WINDOWS (2a98b159bf719c9d13712920915dd097)] -> link text: Laptops & Notebooks]
2022-12-20 20:25:57 INFO  HomePage :102 - Click on Show All LaptopAndNotebook Tab [[ChromeDriver: chrome on WINDOWS (2a98b159bf719c9d13712920915dd097)] -> link text: Show All Laptops & Notebooks]
2022-12-20 20:25:57 INFO  DesktopPage :46 - Click on sort by position [[ChromeDriver: chrome on WINDOWS (2a98b159bf719c9d13712920915dd097)] -> id: input-sort]
2022-12-20 20:25:58 INFO  DesktopPage :78 - Select option product sorted by Price (High > Low)from sort by options [[ChromeDriver: chrome on WINDOWS (2a98b159bf719c9d13712920915dd097)] -> id: input-sort]
2022-12-20 20:25:58 INFO  LaptopAndNotebookPage :66 - Verify Product sorted  price High to low [[[ChromeDriver: chrome on WINDOWS (2a98b159bf719c9d13712920915dd097)] -> xpath: //p[@class ='price']], [[ChromeDriver: chrome on WINDOWS (2a98b159bf719c9d13712920915dd097)] -> xpath: //p[@class ='price']], [[ChromeDriver: chrome on WINDOWS (2a98b159bf719c9d13712920915dd097)] -> xpath: //p[@class ='price']], [[ChromeDriver: chrome on WINDOWS (2a98b159bf719c9d13712920915dd097)] -> xpath: //p[@class ='price']], [[ChromeDriver: chrome on WINDOWS (2a98b159bf719c9d13712920915dd097)] -> xpath: //p[@class ='price']]]
2022-12-20 20:25:58 INFO  LaptopAndNotebookPage :66 - Verify Product sorted  price High to low [[[ChromeDriver: chrome on WINDOWS (2a98b159bf719c9d13712920915dd097)] -> xpath: //p[@class ='price']], [[ChromeDriver: chrome on WINDOWS (2a98b159bf719c9d13712920915dd097)] -> xpath: //p[@class ='price']], [[ChromeDriver: chrome on WINDOWS (2a98b159bf719c9d13712920915dd097)] -> xpath: //p[@class ='price']], [[ChromeDriver: chrome on WINDOWS (2a98b159bf719c9d13712920915dd097)] -> xpath: //p[@class ='price']], [[ChromeDriver: chrome on WINDOWS (2a98b159bf719c9d13712920915dd097)] -> xpath: //p[@class ='price']]]
2022-12-20 20:26:13 INFO  HomePage :83 - Mouse hover on “Laptops & Notebooks” Tab and click [[ChromeDriver: chrome on WINDOWS (94dccbe081a07cbe42089063964a39b8)] -> link text: Laptops & Notebooks]
2022-12-20 20:26:14 INFO  HomePage :102 - Click on Show All LaptopAndNotebook Tab [[ChromeDriver: chrome on WINDOWS (94dccbe081a07cbe42089063964a39b8)] -> link text: Show All Laptops & Notebooks]
2022-12-20 20:26:14 INFO  HomePage :109 - Clicking on Currency on top of page [[ChromeDriver: chrome on WINDOWS (94dccbe081a07cbe42089063964a39b8)] -> xpath: //span[contains(text(),'Currency')]]
2022-12-20 20:26:15 INFO  HomePage :117 - Select £ Pound Sterling from currency drop down list [[[ChromeDriver: chrome on WINDOWS (94dccbe081a07cbe42089063964a39b8)] -> xpath: //ul[@class = 'dropdown-menu']/li], [[ChromeDriver: chrome on WINDOWS (94dccbe081a07cbe42089063964a39b8)] -> xpath: //ul[@class = 'dropdown-menu']/li], [[ChromeDriver: chrome on WINDOWS (94dccbe081a07cbe42089063964a39b8)] -> xpath: //ul[@class = 'dropdown-menu']/li]]
2022-12-20 20:26:15 INFO  DesktopPage :78 - Select option product sorted by Price (High > Low)from sort by options [[ChromeDriver: chrome on WINDOWS (94dccbe081a07cbe42089063964a39b8)] -> id: input-sort]
2022-12-20 20:26:16 INFO  LaptopAndNotebookPage :86 - Select Macbook[[ChromeDriver: chrome on WINDOWS (94dccbe081a07cbe42089063964a39b8)] -> link text: MacBook]
2022-12-20 20:26:16 INFO  ProductPage :106 - Verify text MacBook [[ChromeDriver: chrome on WINDOWS (94dccbe081a07cbe42089063964a39b8)] -> xpath: //h1[contains(text(),'MacBook')]]
2022-12-20 20:26:17 INFO  ProductPage :88 - Clicking on Login Button [[ChromeDriver: chrome on WINDOWS (94dccbe081a07cbe42089063964a39b8)] -> xpath: //button[@id='button-cart']]
2022-12-20 20:26:18 INFO  ProductPage :93 - Verify the Message “Success: You have added HP LP3065 to your shopping cart!” [[ChromeDriver: chrome on WINDOWS (94dccbe081a07cbe42089063964a39b8)] -> xpath: //div[@class='alert alert-success alert-dismissible']]
2022-12-20 20:26:19 INFO  ProductPage :100 - Click on link “shopping cart” display into success message [[ChromeDriver: chrome on WINDOWS (94dccbe081a07cbe42089063964a39b8)] -> xpath: //a[contains(text(),'shopping cart')]]
2022-12-20 20:26:19 INFO  ShoppingCartPage :46 -  Verify the text "Shopping Cart" [[ChromeDriver: chrome on WINDOWS (94dccbe081a07cbe42089063964a39b8)] -> xpath: //div[@id='content']//h1]
2022-12-20 20:26:19 INFO  ShoppingCartPage :51 - Verify the Product name "HP LP3065" [[ChromeDriver: chrome on WINDOWS (94dccbe081a07cbe42089063964a39b8)] -> xpath: //div[@class = 'table-responsive']/table/tbody/tr/td[2]/a]
2022-12-20 20:26:19 INFO  ShoppingCartPage :74 - Change Quantity2to quantity field [[ChromeDriver: chrome on WINDOWS (94dccbe081a07cbe42089063964a39b8)] -> xpath: //div[@class='input-group btn-block']/input]
2022-12-20 20:26:19 INFO  ShoppingCartPage :79 -  Click on “Update” Tab [[ChromeDriver: chrome on WINDOWS (94dccbe081a07cbe42089063964a39b8)] -> xpath: //button[@type='submit']]
2022-12-20 20:26:19 INFO  ShoppingCartPage :83 - Getting welcome back text [[ChromeDriver: chrome on WINDOWS (94dccbe081a07cbe42089063964a39b8)] -> xpath: //div[@id='checkout-cart']/div[1]]
2022-12-20 20:26:19 INFO  ShoppingCartPage :66 - Verify the Todat "£74.73"[[ChromeDriver: chrome on WINDOWS (94dccbe081a07cbe42089063964a39b8)] -> xpath: //div[@class = 'table-responsive']/table/tbody/tr/td[6]]
2022-12-20 20:26:49 INFO  HomePage :83 - Mouse hover on “Laptops & Notebooks” Tab and click [[ChromeDriver: chrome on WINDOWS (b62ea1495b03eb7ddec21c4068d50755)] -> link text: Laptops & Notebooks]
2022-12-20 20:26:49 INFO  HomePage :102 - Click on Show All LaptopAndNotebook Tab [[ChromeDriver: chrome on WINDOWS (b62ea1495b03eb7ddec21c4068d50755)] -> link text: Show All Laptops & Notebooks]
2022-12-20 20:26:49 INFO  DesktopPage :46 - Click on sort by position [[ChromeDriver: chrome on WINDOWS (b62ea1495b03eb7ddec21c4068d50755)] -> id: input-sort]
2022-12-20 20:26:50 INFO  DesktopPage :78 - Select option product sorted by Price (High > Low)from sort by options [[ChromeDriver: chrome on WINDOWS (b62ea1495b03eb7ddec21c4068d50755)] -> id: input-sort]
2022-12-20 20:26:50 INFO  LaptopAndNotebookPage :66 - Verify Product sorted  price High to low [[[ChromeDriver: chrome on WINDOWS (b62ea1495b03eb7ddec21c4068d50755)] -> xpath: //p[@class ='price']], [[ChromeDriver: chrome on WINDOWS (b62ea1495b03eb7ddec21c4068d50755)] -> xpath: //p[@class ='price']], [[ChromeDriver: chrome on WINDOWS (b62ea1495b03eb7ddec21c4068d50755)] -> xpath: //p[@class ='price']], [[ChromeDriver: chrome on WINDOWS (b62ea1495b03eb7ddec21c4068d50755)] -> xpath: //p[@class ='price']], [[ChromeDriver: chrome on WINDOWS (b62ea1495b03eb7ddec21c4068d50755)] -> xpath: //p[@class ='price']]]
2022-12-20 20:26:50 INFO  LaptopAndNotebookPage :66 - Verify Product sorted  price High to low [[[ChromeDriver: chrome on WINDOWS (b62ea1495b03eb7ddec21c4068d50755)] -> xpath: //p[@class ='price']], [[ChromeDriver: chrome on WINDOWS (b62ea1495b03eb7ddec21c4068d50755)] -> xpath: //p[@class ='price']], [[ChromeDriver: chrome on WINDOWS (b62ea1495b03eb7ddec21c4068d50755)] -> xpath: //p[@class ='price']], [[ChromeDriver: chrome on WINDOWS (b62ea1495b03eb7ddec21c4068d50755)] -> xpath: //p[@class ='price']], [[ChromeDriver: chrome on WINDOWS (b62ea1495b03eb7ddec21c4068d50755)] -> xpath: //p[@class ='price']]]
2022-12-20 20:26:54 INFO  HomePage :83 - Mouse hover on “Laptops & Notebooks” Tab and click [[ChromeDriver: chrome on WINDOWS (8709c9ed1c9b1601f3505e1225c321a2)] -> link text: Laptops & Notebooks]
2022-12-20 20:26:55 INFO  HomePage :102 - Click on Show All LaptopAndNotebook Tab [[ChromeDriver: chrome on WINDOWS (8709c9ed1c9b1601f3505e1225c321a2)] -> link text: Show All Laptops & Notebooks]
2022-12-20 20:26:55 INFO  HomePage :109 - Clicking on Currency on top of page [[ChromeDriver: chrome on WINDOWS (8709c9ed1c9b1601f3505e1225c321a2)] -> xpath: //span[contains(text(),'Currency')]]
2022-12-20 20:26:55 INFO  HomePage :117 - Select £ Pound Sterling from currency drop down list [[[ChromeDriver: chrome on WINDOWS (8709c9ed1c9b1601f3505e1225c321a2)] -> xpath: //ul[@class = 'dropdown-menu']/li], [[ChromeDriver: chrome on WINDOWS (8709c9ed1c9b1601f3505e1225c321a2)] -> xpath: //ul[@class = 'dropdown-menu']/li], [[ChromeDriver: chrome on WINDOWS (8709c9ed1c9b1601f3505e1225c321a2)] -> xpath: //ul[@class = 'dropdown-menu']/li]]
2022-12-20 20:26:56 INFO  DesktopPage :78 - Select option product sorted by Price (High > Low)from sort by options [[ChromeDriver: chrome on WINDOWS (8709c9ed1c9b1601f3505e1225c321a2)] -> id: input-sort]
2022-12-20 20:26:57 INFO  LaptopAndNotebookPage :86 - Select Macbook[[ChromeDriver: chrome on WINDOWS (8709c9ed1c9b1601f3505e1225c321a2)] -> link text: MacBook]
2022-12-20 20:26:57 INFO  ProductPage :106 - Verify text MacBook [[ChromeDriver: chrome on WINDOWS (8709c9ed1c9b1601f3505e1225c321a2)] -> xpath: //h1[contains(text(),'MacBook')]]
2022-12-20 20:26:58 INFO  ProductPage :88 - Clicking on Login Button [[ChromeDriver: chrome on WINDOWS (8709c9ed1c9b1601f3505e1225c321a2)] -> xpath: //button[@id='button-cart']]
2022-12-20 20:26:58 INFO  ProductPage :93 - Verify the Message “Success: You have added HP LP3065 to your shopping cart!” [[ChromeDriver: chrome on WINDOWS (8709c9ed1c9b1601f3505e1225c321a2)] -> xpath: //div[@class='alert alert-success alert-dismissible']]
2022-12-20 20:26:59 INFO  ProductPage :100 - Click on link “shopping cart” display into success message [[ChromeDriver: chrome on WINDOWS (8709c9ed1c9b1601f3505e1225c321a2)] -> xpath: //a[contains(text(),'shopping cart')]]
2022-12-20 20:26:59 INFO  ShoppingCartPage :46 -  Verify the text "Shopping Cart" [[ChromeDriver: chrome on WINDOWS (8709c9ed1c9b1601f3505e1225c321a2)] -> xpath: //div[@id='content']//h1]
2022-12-20 20:26:59 INFO  ShoppingCartPage :51 - Verify the Product name "HP LP3065" [[ChromeDriver: chrome on WINDOWS (8709c9ed1c9b1601f3505e1225c321a2)] -> xpath: //div[@class = 'table-responsive']/table/tbody/tr/td[2]/a]
2022-12-20 20:26:59 INFO  ShoppingCartPage :74 - Change Quantity2to quantity field [[ChromeDriver: chrome on WINDOWS (8709c9ed1c9b1601f3505e1225c321a2)] -> xpath: //div[@class='input-group btn-block']/input]
2022-12-20 20:27:00 INFO  ShoppingCartPage :79 -  Click on “Update” Tab [[ChromeDriver: chrome on WINDOWS (8709c9ed1c9b1601f3505e1225c321a2)] -> xpath: //button[@type='submit']]
2022-12-20 20:27:00 INFO  ShoppingCartPage :83 - Getting welcome back text [[ChromeDriver: chrome on WINDOWS (8709c9ed1c9b1601f3505e1225c321a2)] -> xpath: //div[@id='checkout-cart']/div[1]]
2022-12-20 20:27:00 INFO  ShoppingCartPage :66 - Verify the Todat "£74.73"[[ChromeDriver: chrome on WINDOWS (8709c9ed1c9b1601f3505e1225c321a2)] -> xpath: //div[@class = 'table-responsive']/table/tbody/tr/td[6]]
2022-12-20 20:27:25 INFO  HomePage :133 - Select Loginfrom myAccount drop down list [[[ChromeDriver: chrome on WINDOWS (e012aaa494a957172c4c4623d010bb2a)] -> xpath: //ul[@class='dropdown-menu dropdown-menu-right']/li], [[ChromeDriver: chrome on WINDOWS (e012aaa494a957172c4c4623d010bb2a)] -> xpath: //ul[@class='dropdown-menu dropdown-menu-right']/li]]
2022-12-20 20:27:25 INFO  LoginPage :42 - Enter emailprime123@gmail.comto email field [[ChromeDriver: chrome on WINDOWS (e012aaa494a957172c4c4623d010bb2a)] -> id: input-email]
2022-12-20 20:27:25 INFO  LoginPage :48 - Enter passwordtest123to password field [[ChromeDriver: chrome on WINDOWS (e012aaa494a957172c4c4623d010bb2a)] -> id: input-password]
2022-12-20 20:27:26 INFO  LoginPage :54 - Clicking on Login Button [[ChromeDriver: chrome on WINDOWS (e012aaa494a957172c4c4623d010bb2a)] -> xpath: //input[@value='Login']]
2022-12-20 20:27:26 INFO  LoginPage :59 - Verify text “My Account”[[ChromeDriver: chrome on WINDOWS (e012aaa494a957172c4c4623d010bb2a)] -> xpath: //h2[text()='My Account']]
2022-12-20 20:27:27 INFO  HomePage :133 - Select Logoutfrom myAccount drop down list [[[ChromeDriver: chrome on WINDOWS (e012aaa494a957172c4c4623d010bb2a)] -> xpath: //ul[@class='dropdown-menu dropdown-menu-right']/li], [[ChromeDriver: chrome on WINDOWS (e012aaa494a957172c4c4623d010bb2a)] -> xpath: //ul[@class='dropdown-menu dropdown-menu-right']/li], [[ChromeDriver: chrome on WINDOWS (e012aaa494a957172c4c4623d010bb2a)] -> xpath: //ul[@class='dropdown-menu dropdown-menu-right']/li], [[ChromeDriver: chrome on WINDOWS (e012aaa494a957172c4c4623d010bb2a)] -> xpath: //ul[@class='dropdown-menu dropdown-menu-right']/li], [[ChromeDriver: chrome on WINDOWS (e012aaa494a957172c4c4623d010bb2a)] -> xpath: //ul[@class='dropdown-menu dropdown-menu-right']/li]]
2022-12-20 20:27:27 INFO  LogoutPage :26 - Verify text "Account Logout" [[ChromeDriver: chrome on WINDOWS (e012aaa494a957172c4c4623d010bb2a)] -> xpath: //h1[text()='Account Logout']]
2022-12-20 20:27:27 INFO  LogoutPage :32 - Clicking on Continue Button [[ChromeDriver: chrome on WINDOWS (e012aaa494a957172c4c4623d010bb2a)] -> xpath: //a[contains(text(),'Continue')]]
2022-12-20 20:27:46 INFO  HomePage :133 - Select Loginfrom myAccount drop down list [[[ChromeDriver: chrome on WINDOWS (5972a9f1624a51dc79dbf4b50a21753e)] -> xpath: //ul[@class='dropdown-menu dropdown-menu-right']/li], [[ChromeDriver: chrome on WINDOWS (5972a9f1624a51dc79dbf4b50a21753e)] -> xpath: //ul[@class='dropdown-menu dropdown-menu-right']/li]]
2022-12-20 20:27:46 INFO  LoginPage :42 - Enter emailprime123@gmail.comto email field [[ChromeDriver: chrome on WINDOWS (5972a9f1624a51dc79dbf4b50a21753e)] -> id: input-email]
2022-12-20 20:27:46 INFO  LoginPage :48 - Enter passwordtest123to password field [[ChromeDriver: chrome on WINDOWS (5972a9f1624a51dc79dbf4b50a21753e)] -> id: input-password]
2022-12-20 20:27:46 INFO  LoginPage :54 - Clicking on Login Button [[ChromeDriver: chrome on WINDOWS (5972a9f1624a51dc79dbf4b50a21753e)] -> xpath: //input[@value='Login']]
2022-12-20 20:27:46 INFO  LoginPage :59 - Verify text “My Account”[[ChromeDriver: chrome on WINDOWS (5972a9f1624a51dc79dbf4b50a21753e)] -> xpath: //h2[text()='My Account']]
2022-12-20 20:27:47 INFO  HomePage :133 - Select Logoutfrom myAccount drop down list [[[ChromeDriver: chrome on WINDOWS (5972a9f1624a51dc79dbf4b50a21753e)] -> xpath: //ul[@class='dropdown-menu dropdown-menu-right']/li], [[ChromeDriver: chrome on WINDOWS (5972a9f1624a51dc79dbf4b50a21753e)] -> xpath: //ul[@class='dropdown-menu dropdown-menu-right']/li], [[ChromeDriver: chrome on WINDOWS (5972a9f1624a51dc79dbf4b50a21753e)] -> xpath: //ul[@class='dropdown-menu dropdown-menu-right']/li], [[ChromeDriver: chrome on WINDOWS (5972a9f1624a51dc79dbf4b50a21753e)] -> xpath: //ul[@class='dropdown-menu dropdown-menu-right']/li], [[ChromeDriver: chrome on WINDOWS (5972a9f1624a51dc79dbf4b50a21753e)] -> xpath: //ul[@class='dropdown-menu dropdown-menu-right']/li]]
2022-12-20 20:27:47 INFO  LogoutPage :26 - Verify text "Account Logout" [[ChromeDriver: chrome on WINDOWS (5972a9f1624a51dc79dbf4b50a21753e)] -> xpath: //h1[text()='Account Logout']]
2022-12-20 20:27:48 INFO  LogoutPage :32 - Clicking on Continue Button [[ChromeDriver: chrome on WINDOWS (5972a9f1624a51dc79dbf4b50a21753e)] -> xpath: //a[contains(text(),'Continue')]]
2022-12-20 20:28:05 INFO  HomePage :133 - Select Registerfrom myAccount drop down list [[[ChromeDriver: chrome on WINDOWS (e956b9d4343645dadd7eae4030a8e170)] -> xpath: //ul[@class='dropdown-menu dropdown-menu-right']/li], [[ChromeDriver: chrome on WINDOWS (e956b9d4343645dadd7eae4030a8e170)] -> xpath: //ul[@class='dropdown-menu dropdown-menu-right']/li]]
2022-12-20 20:28:05 INFO  RegisterPage :65 - Enter Firstnameprimeto Firstname field [[ChromeDriver: chrome on WINDOWS (e956b9d4343645dadd7eae4030a8e170)] -> id: input-firstname]
2022-12-20 20:28:05 INFO  RegisterPage :71 - Enter Lastnametesterto Lastname field [[ChromeDriver: chrome on WINDOWS (e956b9d4343645dadd7eae4030a8e170)] -> id: input-lastname]
2022-12-20 20:28:05 INFO  RegisterPage :76 - Enter emailprimewdMD@gmail.comto email field [[ChromeDriver: chrome on WINDOWS (e956b9d4343645dadd7eae4030a8e170)] -> id: input-email]
2022-12-20 20:28:06 INFO  RegisterPage :82 - Enter Telephone07645879809to Telephone field [[ChromeDriver: chrome on WINDOWS (e956b9d4343645dadd7eae4030a8e170)] -> id: input-telephone]
2022-12-20 20:28:06 INFO  RegisterPage :88 - Enter Password test123to Password field [[ChromeDriver: chrome on WINDOWS (e956b9d4343645dadd7eae4030a8e170)] -> id: input-password]
2022-12-20 20:28:06 INFO  RegisterPage :93 - Enter ConfirmPasswordtest123to ConfirmPassword field [[ChromeDriver: chrome on WINDOWS (e956b9d4343645dadd7eae4030a8e170)] -> id: input-confirm]
2022-12-20 20:28:06 INFO  RegisterPage :106 - Select SubscribeYesradio button [[[ChromeDriver: chrome on WINDOWS (e956b9d4343645dadd7eae4030a8e170)] -> xpath: //fieldset[3]//input], [[ChromeDriver: chrome on WINDOWS (e956b9d4343645dadd7eae4030a8e170)] -> xpath: //fieldset[3]//input]]
2022-12-20 20:28:06 INFO  RegisterPage :112 - Click on Privacy Policy check box [[ChromeDriver: chrome on WINDOWS (e956b9d4343645dadd7eae4030a8e170)] -> xpath: //input[@name='agree']]
2022-12-20 20:28:07 INFO  RegisterPage :117 - Clicking on Continue Button [[ChromeDriver: chrome on WINDOWS (e956b9d4343645dadd7eae4030a8e170)] -> xpath: //input[@type='submit']]
2022-12-20 20:28:07 INFO  RegisterPage :121 - Verify the message “Your Account Has Been Created!”[[ChromeDriver: chrome on WINDOWS (e956b9d4343645dadd7eae4030a8e170)] -> xpath: //h1[text()='Your Account Has Been Created!']]
2022-12-20 20:28:07 INFO  RegisterPage :127 - Clicking on Continue Button [[ChromeDriver: chrome on WINDOWS (e956b9d4343645dadd7eae4030a8e170)] -> xpath: //a[text()='Continue']]
2022-12-20 20:28:08 INFO  HomePage :133 - Select Logoutfrom myAccount drop down list [[[ChromeDriver: chrome on WINDOWS (e956b9d4343645dadd7eae4030a8e170)] -> xpath: //ul[@class='dropdown-menu dropdown-menu-right']/li], [[ChromeDriver: chrome on WINDOWS (e956b9d4343645dadd7eae4030a8e170)] -> xpath: //ul[@class='dropdown-menu dropdown-menu-right']/li], [[ChromeDriver: chrome on WINDOWS (e956b9d4343645dadd7eae4030a8e170)] -> xpath: //ul[@class='dropdown-menu dropdown-menu-right']/li], [[ChromeDriver: chrome on WINDOWS (e956b9d4343645dadd7eae4030a8e170)] -> xpath: //ul[@class='dropdown-menu dropdown-menu-right']/li], [[ChromeDriver: chrome on WINDOWS (e956b9d4343645dadd7eae4030a8e170)] -> xpath: //ul[@class='dropdown-menu dropdown-menu-right']/li]]
2022-12-20 20:28:08 INFO  LogoutPage :26 - Verify text "Account Logout" [[ChromeDriver: chrome on WINDOWS (e956b9d4343645dadd7eae4030a8e170)] -> xpath: //h1[text()='Account Logout']]
2022-12-20 20:28:08 INFO  LogoutPage :32 - Clicking on Continue Button [[ChromeDriver: chrome on WINDOWS (e956b9d4343645dadd7eae4030a8e170)] -> xpath: //a[contains(text(),'Continue')]]
2022-12-20 20:28:28 INFO  HomePage :89 -  Mouse hover on “Components” Tab and click [[ChromeDriver: chrome on WINDOWS (e397c865a644e54e4c5947de3250d25c)] -> link text: Components]
2022-12-20 20:28:28 INFO  HomePage :71 - Click Show All Componentsfrom hompage top menubar  [[[ChromeDriver: chrome on WINDOWS (e397c865a644e54e4c5947de3250d25c)] -> xpath: //nav[@id='menu']//ul/li[contains(@class, 'open')]/div/child::*], [[ChromeDriver: chrome on WINDOWS (e397c865a644e54e4c5947de3250d25c)] -> xpath: //nav[@id='menu']//ul/li[contains(@class, 'open')]/div/child::*]]
2022-12-20 20:28:28 INFO  ComponentsPage :23 - Verify the text ‘Components’[[ChromeDriver: chrome on WINDOWS (e397c865a644e54e4c5947de3250d25c)] -> xpath: //h2[contains(text(),'Components')]]
2022-12-20 20:28:43 INFO  HomePage :83 - Mouse hover on “Laptops & Notebooks” Tab and click [[ChromeDriver: chrome on WINDOWS (24218f0262b965cf54ebb4806058c6dd)] -> link text: Laptops & Notebooks]
2022-12-20 20:28:43 INFO  HomePage :71 - Click Show All Laptops & Notebooksfrom hompage top menubar  [[[ChromeDriver: chrome on WINDOWS (24218f0262b965cf54ebb4806058c6dd)] -> xpath: //nav[@id='menu']//ul/li[contains(@class, 'open')]/div/child::*], [[ChromeDriver: chrome on WINDOWS (24218f0262b965cf54ebb4806058c6dd)] -> xpath: //nav[@id='menu']//ul/li[contains(@class, 'open')]/div/child::*]]
2022-12-20 20:28:43 INFO  LaptopAndNotebookPage :39 - Verify the text ‘Laptops & Notebooks’ [[ChromeDriver: chrome on WINDOWS (24218f0262b965cf54ebb4806058c6dd)] -> xpath: //h2[contains(text(),'Laptops & Notebooks')]]
2022-12-20 20:29:00 INFO  HomePage :77 - Mouse hover on “Desktops” Tab and click [[ChromeDriver: chrome on WINDOWS (9bc6f1c6d21e2aea4b8b2800f7d8a508)] -> link text: Desktops]
2022-12-20 20:29:01 INFO  HomePage :71 - Click Show All Desktopsfrom hompage top menubar  [[[ChromeDriver: chrome on WINDOWS (9bc6f1c6d21e2aea4b8b2800f7d8a508)] -> xpath: //nav[@id='menu']//ul/li[contains(@class, 'open')]/div/child::*], [[ChromeDriver: chrome on WINDOWS (9bc6f1c6d21e2aea4b8b2800f7d8a508)] -> xpath: //nav[@id='menu']//ul/li[contains(@class, 'open')]/div/child::*]]
2022-12-20 20:29:01 INFO  DesktopPage :39 - Verify the text ‘Desktops’[[ChromeDriver: chrome on WINDOWS (9bc6f1c6d21e2aea4b8b2800f7d8a508)] -> xpath: //h2[contains(text(),'Desktops')]]
2022-12-20 21:25:57 INFO  HomePage :77 - Mouse hover on “Desktops” Tab and click [[ChromeDriver: chrome on WINDOWS (44d71639ec7869efd46f11d415324de4)] -> link text: Desktops]
2022-12-20 21:25:58 INFO  HomePage :96 - Click on Show All Desktop tab [[ChromeDriver: chrome on WINDOWS (44d71639ec7869efd46f11d415324de4)] -> link text: Show All Desktops]
2022-12-20 21:25:58 INFO  HomePage :109 - Clicking on Currency on top of page [[ChromeDriver: chrome on WINDOWS (44d71639ec7869efd46f11d415324de4)] -> xpath: //span[contains(text(),'Currency')]]
2022-12-20 21:25:59 INFO  HomePage :117 - Select £ Pound Sterling from currency drop down list [[[ChromeDriver: chrome on WINDOWS (44d71639ec7869efd46f11d415324de4)] -> xpath: //ul[@class = 'dropdown-menu']/li], [[ChromeDriver: chrome on WINDOWS (44d71639ec7869efd46f11d415324de4)] -> xpath: //ul[@class = 'dropdown-menu']/li], [[ChromeDriver: chrome on WINDOWS (44d71639ec7869efd46f11d415324de4)] -> xpath: //ul[@class = 'dropdown-menu']/li]]
2022-12-20 21:25:59 INFO  DesktopPage :78 - Select option product sorted by Name (A - Z)from sort by options [[ChromeDriver: chrome on WINDOWS (44d71639ec7869efd46f11d415324de4)] -> id: input-sort]
2022-12-20 21:26:01 INFO  DesktopPage :84 - Clicking on HP LP3065[[ChromeDriver: chrome on WINDOWS (44d71639ec7869efd46f11d415324de4)] -> xpath: //a[contains(text(),'HP LP3065')]]
2022-12-20 21:26:01 INFO  ProductPage :53 - Verify the Text "HP LP3065" [[ChromeDriver: chrome on WINDOWS (44d71639ec7869efd46f11d415324de4)] -> xpath: //a[contains(text(),'HP LP3065')]]
2022-12-20 21:26:01 INFO  ProductPage :59 - Select 2022November30to date field [[ChromeDriver: chrome on WINDOWS (44d71639ec7869efd46f11d415324de4)] -> xpath: //div[@class = 'input-group date']//button]
2022-12-20 21:26:06 INFO  ProductPage :83 - Enter Qty1to quantity field [[ChromeDriver: chrome on WINDOWS (44d71639ec7869efd46f11d415324de4)] -> xpath: //input[@id='input-quantity']]
2022-12-20 21:26:07 INFO  ProductPage :88 - Clicking on Login Button [[ChromeDriver: chrome on WINDOWS (44d71639ec7869efd46f11d415324de4)] -> xpath: //button[@id='button-cart']]
2022-12-20 21:26:08 INFO  ProductPage :93 - Verify the Message “Success: You have added HP LP3065 to your shopping cart!” [[ChromeDriver: chrome on WINDOWS (44d71639ec7869efd46f11d415324de4)] -> xpath: //div[@class='alert alert-success alert-dismissible']]
2022-12-20 21:26:09 INFO  ProductPage :100 - Click on link “shopping cart” display into success message [[ChromeDriver: chrome on WINDOWS (44d71639ec7869efd46f11d415324de4)] -> xpath: //a[contains(text(),'shopping cart')]]
2022-12-20 21:26:09 INFO  ShoppingCartPage :46 -  Verify the text "Shopping Cart" [[ChromeDriver: chrome on WINDOWS (44d71639ec7869efd46f11d415324de4)] -> xpath: //div[@id='content']//h1]
2022-12-20 21:26:09 INFO  ShoppingCartPage :51 - Verify the Product name "HP LP3065" [[ChromeDriver: chrome on WINDOWS (44d71639ec7869efd46f11d415324de4)] -> xpath: //div[@class = 'table-responsive']/table/tbody/tr/td[2]/a]
2022-12-20 21:26:09 INFO  ShoppingCartPage :56 - Verify the Delivery Date "2022-11-30" [[ChromeDriver: chrome on WINDOWS (44d71639ec7869efd46f11d415324de4)] -> xpath: //small[contains(text(),'Delivery Date: 2022-11-30')]]
2022-12-20 21:26:09 INFO  ShoppingCartPage :61 - Verify the Model "Product21" [[ChromeDriver: chrome on WINDOWS (44d71639ec7869efd46f11d415324de4)] -> xpath: //td[contains(text(),'Product 21')]]
2022-12-20 21:26:09 INFO  ShoppingCartPage :66 - Verify the Todat "£74.73"[[ChromeDriver: chrome on WINDOWS (44d71639ec7869efd46f11d415324de4)] -> xpath: //div[@class = 'table-responsive']/table/tbody/tr/td[6]]
2022-12-20 21:26:37 INFO  HomePage :83 - Mouse hover on “Laptops & Notebooks” Tab and click [[ChromeDriver: chrome on WINDOWS (d934b8de90a2cb96a34a75224c5807e7)] -> link text: Laptops & Notebooks]
2022-12-20 21:26:37 INFO  HomePage :102 - Click on Show All LaptopAndNotebook Tab [[ChromeDriver: chrome on WINDOWS (d934b8de90a2cb96a34a75224c5807e7)] -> link text: Show All Laptops & Notebooks]
2022-12-20 21:26:38 INFO  HomePage :109 - Clicking on Currency on top of page [[ChromeDriver: chrome on WINDOWS (d934b8de90a2cb96a34a75224c5807e7)] -> xpath: //span[contains(text(),'Currency')]]
2022-12-20 21:26:38 INFO  HomePage :117 - Select £ Pound Sterling from currency drop down list [[[ChromeDriver: chrome on WINDOWS (d934b8de90a2cb96a34a75224c5807e7)] -> xpath: //ul[@class = 'dropdown-menu']/li], [[ChromeDriver: chrome on WINDOWS (d934b8de90a2cb96a34a75224c5807e7)] -> xpath: //ul[@class = 'dropdown-menu']/li], [[ChromeDriver: chrome on WINDOWS (d934b8de90a2cb96a34a75224c5807e7)] -> xpath: //ul[@class = 'dropdown-menu']/li]]
2022-12-20 21:26:38 INFO  DesktopPage :78 - Select option product sorted by Price (High > Low)from sort by options [[ChromeDriver: chrome on WINDOWS (d934b8de90a2cb96a34a75224c5807e7)] -> id: input-sort]
2022-12-20 21:26:40 INFO  LaptopAndNotebookPage :86 - Select Macbook[[ChromeDriver: chrome on WINDOWS (d934b8de90a2cb96a34a75224c5807e7)] -> link text: MacBook]
2022-12-20 21:26:40 INFO  ProductPage :106 - Verify text MacBook [[ChromeDriver: chrome on WINDOWS (d934b8de90a2cb96a34a75224c5807e7)] -> xpath: //h1[contains(text(),'MacBook')]]
2022-12-20 21:26:41 INFO  ProductPage :88 - Clicking on Login Button [[ChromeDriver: chrome on WINDOWS (d934b8de90a2cb96a34a75224c5807e7)] -> xpath: //button[@id='button-cart']]
2022-12-20 21:26:41 INFO  ProductPage :93 - Verify the Message “Success: You have added HP LP3065 to your shopping cart!” [[ChromeDriver: chrome on WINDOWS (d934b8de90a2cb96a34a75224c5807e7)] -> xpath: //div[@class='alert alert-success alert-dismissible']]
2022-12-20 21:26:42 INFO  ProductPage :100 - Click on link “shopping cart” display into success message [[ChromeDriver: chrome on WINDOWS (d934b8de90a2cb96a34a75224c5807e7)] -> xpath: //a[contains(text(),'shopping cart')]]
2022-12-20 21:26:42 INFO  ShoppingCartPage :46 -  Verify the text "Shopping Cart" [[ChromeDriver: chrome on WINDOWS (d934b8de90a2cb96a34a75224c5807e7)] -> xpath: //div[@id='content']//h1]
2022-12-20 21:26:42 INFO  ShoppingCartPage :51 - Verify the Product name "HP LP3065" [[ChromeDriver: chrome on WINDOWS (d934b8de90a2cb96a34a75224c5807e7)] -> xpath: //div[@class = 'table-responsive']/table/tbody/tr/td[2]/a]
2022-12-20 21:26:42 INFO  ShoppingCartPage :74 - Change Quantity2to quantity field [[ChromeDriver: chrome on WINDOWS (d934b8de90a2cb96a34a75224c5807e7)] -> xpath: //div[@class='input-group btn-block']/input]
2022-12-20 21:26:43 INFO  ShoppingCartPage :79 -  Click on “Update” Tab [[ChromeDriver: chrome on WINDOWS (d934b8de90a2cb96a34a75224c5807e7)] -> xpath: //button[@type='submit']]
2022-12-20 21:26:43 INFO  ShoppingCartPage :83 - Getting welcome back text [[ChromeDriver: chrome on WINDOWS (d934b8de90a2cb96a34a75224c5807e7)] -> xpath: //div[@id='checkout-cart']/div[1]]
2022-12-20 21:26:43 INFO  ShoppingCartPage :66 - Verify the Todat "£74.73"[[ChromeDriver: chrome on WINDOWS (d934b8de90a2cb96a34a75224c5807e7)] -> xpath: //div[@class = 'table-responsive']/table/tbody/tr/td[6]]
2022-12-20 21:27:09 INFO  HomePage :133 - Select Loginfrom myAccount drop down list [[[ChromeDriver: chrome on WINDOWS (f2b1e4b8073b35ab0be5d95b3f6a6f04)] -> xpath: //ul[@class='dropdown-menu dropdown-menu-right']/li], [[ChromeDriver: chrome on WINDOWS (f2b1e4b8073b35ab0be5d95b3f6a6f04)] -> xpath: //ul[@class='dropdown-menu dropdown-menu-right']/li]]
2022-12-20 21:27:10 INFO  LoginPage :42 - Enter emailprime123@gmail.comto email field [[ChromeDriver: chrome on WINDOWS (f2b1e4b8073b35ab0be5d95b3f6a6f04)] -> id: input-email]
2022-12-20 21:27:10 INFO  LoginPage :48 - Enter passwordtest123to password field [[ChromeDriver: chrome on WINDOWS (f2b1e4b8073b35ab0be5d95b3f6a6f04)] -> id: input-password]
2022-12-20 21:27:10 INFO  LoginPage :54 - Clicking on Login Button [[ChromeDriver: chrome on WINDOWS (f2b1e4b8073b35ab0be5d95b3f6a6f04)] -> xpath: //input[@value='Login']]
2022-12-20 21:27:10 INFO  LoginPage :59 - Verify text “My Account”[[ChromeDriver: chrome on WINDOWS (f2b1e4b8073b35ab0be5d95b3f6a6f04)] -> xpath: //h2[text()='My Account']]
2022-12-20 21:27:11 INFO  HomePage :133 - Select Logoutfrom myAccount drop down list [[[ChromeDriver: chrome on WINDOWS (f2b1e4b8073b35ab0be5d95b3f6a6f04)] -> xpath: //ul[@class='dropdown-menu dropdown-menu-right']/li], [[ChromeDriver: chrome on WINDOWS (f2b1e4b8073b35ab0be5d95b3f6a6f04)] -> xpath: //ul[@class='dropdown-menu dropdown-menu-right']/li], [[ChromeDriver: chrome on WINDOWS (f2b1e4b8073b35ab0be5d95b3f6a6f04)] -> xpath: //ul[@class='dropdown-menu dropdown-menu-right']/li], [[ChromeDriver: chrome on WINDOWS (f2b1e4b8073b35ab0be5d95b3f6a6f04)] -> xpath: //ul[@class='dropdown-menu dropdown-menu-right']/li], [[ChromeDriver: chrome on WINDOWS (f2b1e4b8073b35ab0be5d95b3f6a6f04)] -> xpath: //ul[@class='dropdown-menu dropdown-menu-right']/li]]
2022-12-20 21:27:11 INFO  LogoutPage :26 - Verify text "Account Logout" [[ChromeDriver: chrome on WINDOWS (f2b1e4b8073b35ab0be5d95b3f6a6f04)] -> xpath: //h1[text()='Account Logout']]
2022-12-20 21:27:12 INFO  LogoutPage :32 - Clicking on Continue Button [[ChromeDriver: chrome on WINDOWS (f2b1e4b8073b35ab0be5d95b3f6a6f04)] -> xpath: //a[contains(text(),'Continue')]]
2022-12-20 21:53:01 INFO  HomePage :77 - Mouse hover on “Desktops” Tab and click [[ChromeDriver: chrome on WINDOWS (cccf22bc48f3f66bf3a0cdf22fa1cea0)] -> link text: Desktops]
2022-12-20 21:53:02 INFO  HomePage :96 - Click on Show All Desktop tab [[ChromeDriver: chrome on WINDOWS (cccf22bc48f3f66bf3a0cdf22fa1cea0)] -> link text: Show All Desktops]
2022-12-20 21:53:02 INFO  HomePage :109 - Clicking on Currency on top of page [[ChromeDriver: chrome on WINDOWS (cccf22bc48f3f66bf3a0cdf22fa1cea0)] -> xpath: //span[contains(text(),'Currency')]]
2022-12-20 21:53:03 INFO  HomePage :117 - Select £ Pound Sterling from currency drop down list [[[ChromeDriver: chrome on WINDOWS (cccf22bc48f3f66bf3a0cdf22fa1cea0)] -> xpath: //ul[@class = 'dropdown-menu']/li], [[ChromeDriver: chrome on WINDOWS (cccf22bc48f3f66bf3a0cdf22fa1cea0)] -> xpath: //ul[@class = 'dropdown-menu']/li], [[ChromeDriver: chrome on WINDOWS (cccf22bc48f3f66bf3a0cdf22fa1cea0)] -> xpath: //ul[@class = 'dropdown-menu']/li]]
2022-12-20 21:53:04 INFO  DesktopPage :78 - Select option product sorted by Name (A - Z)from sort by options [[ChromeDriver: chrome on WINDOWS (cccf22bc48f3f66bf3a0cdf22fa1cea0)] -> id: input-sort]
2022-12-20 21:53:06 INFO  DesktopPage :84 - Clicking on HP LP3065[[ChromeDriver: chrome on WINDOWS (cccf22bc48f3f66bf3a0cdf22fa1cea0)] -> xpath: //a[contains(text(),'HP LP3065')]]
2022-12-20 21:53:06 INFO  ProductPage :53 - Verify the Text "HP LP3065" [[ChromeDriver: chrome on WINDOWS (cccf22bc48f3f66bf3a0cdf22fa1cea0)] -> xpath: //a[contains(text(),'HP LP3065')]]
2022-12-20 21:53:06 INFO  ProductPage :59 - Select 2022November30to date field [[ChromeDriver: chrome on WINDOWS (cccf22bc48f3f66bf3a0cdf22fa1cea0)] -> xpath: //div[@class = 'input-group date']//button]
2022-12-20 21:55:46 INFO  HomePage :77 - Mouse hover on “Desktops” Tab and click [[ChromeDriver: chrome on WINDOWS (fa2406a591984e6d1fa2b3287012bce6)] -> link text: Desktops]
2022-12-20 21:55:47 INFO  HomePage :96 - Click on Show All Desktop tab [[ChromeDriver: chrome on WINDOWS (fa2406a591984e6d1fa2b3287012bce6)] -> link text: Show All Desktops]
2022-12-20 21:55:47 INFO  DesktopPage :46 - Click on sort by position [[ChromeDriver: chrome on WINDOWS (fa2406a591984e6d1fa2b3287012bce6)] -> id: input-sort]
2022-12-20 21:55:48 INFO  DesktopPage :78 - Select option product sorted by Name (Z - A)from sort by options [[ChromeDriver: chrome on WINDOWS (fa2406a591984e6d1fa2b3287012bce6)] -> id: input-sort]
2022-12-20 22:12:14 INFO  HomePage :77 - Mouse hover on “Desktops” Tab and click [[ChromeDriver: chrome on WINDOWS (87662542db39baac3f92bab2bd70be39)] -> link text: Desktops]
2022-12-20 22:12:15 INFO  HomePage :96 - Click on Show All Desktop tab [[ChromeDriver: chrome on WINDOWS (87662542db39baac3f92bab2bd70be39)] -> link text: Show All Desktops]
2022-12-20 22:12:15 INFO  DesktopPage :46 - Click on sort by position [[ChromeDriver: chrome on WINDOWS (87662542db39baac3f92bab2bd70be39)] -> id: input-sort]
2022-12-20 22:12:16 INFO  DesktopPage :78 - Select option product sorted by Name (Z - A)from sort by options [[ChromeDriver: chrome on WINDOWS (87662542db39baac3f92bab2bd70be39)] -> id: input-sort]
2022-12-20 22:12:48 INFO  HomePage :77 - Mouse hover on “Desktops” Tab and click [[ChromeDriver: chrome on WINDOWS (a7c84882952a6dd3319ae0a5e6e7899f)] -> link text: Desktops]
2022-12-20 22:12:49 INFO  HomePage :96 - Click on Show All Desktop tab [[ChromeDriver: chrome on WINDOWS (a7c84882952a6dd3319ae0a5e6e7899f)] -> link text: Show All Desktops]
2022-12-20 22:12:49 INFO  HomePage :109 - Clicking on Currency on top of page [[ChromeDriver: chrome on WINDOWS (a7c84882952a6dd3319ae0a5e6e7899f)] -> xpath: //span[contains(text(),'Currency')]]
2022-12-20 22:12:50 INFO  HomePage :117 - Select £ Pound Sterling from currency drop down list [[[ChromeDriver: chrome on WINDOWS (a7c84882952a6dd3319ae0a5e6e7899f)] -> xpath: //ul[@class = 'dropdown-menu']/li], [[ChromeDriver: chrome on WINDOWS (a7c84882952a6dd3319ae0a5e6e7899f)] -> xpath: //ul[@class = 'dropdown-menu']/li], [[ChromeDriver: chrome on WINDOWS (a7c84882952a6dd3319ae0a5e6e7899f)] -> xpath: //ul[@class = 'dropdown-menu']/li]]
2022-12-20 22:12:50 INFO  DesktopPage :78 - Select option product sorted by Name (A - Z)from sort by options [[ChromeDriver: chrome on WINDOWS (a7c84882952a6dd3319ae0a5e6e7899f)] -> id: input-sort]
2022-12-20 22:12:52 INFO  DesktopPage :84 - Clicking on HP LP3065[[ChromeDriver: chrome on WINDOWS (a7c84882952a6dd3319ae0a5e6e7899f)] -> xpath: //a[contains(text(),'HP LP3065')]]
2022-12-20 22:12:52 INFO  ProductPage :53 - Verify the Text "HP LP3065" [[ChromeDriver: chrome on WINDOWS (a7c84882952a6dd3319ae0a5e6e7899f)] -> xpath: //a[contains(text(),'HP LP3065')]]
2022-12-20 22:12:53 INFO  ProductPage :59 - Select 2022November30to date field [[ChromeDriver: chrome on WINDOWS (a7c84882952a6dd3319ae0a5e6e7899f)] -> xpath: //div[@class = 'input-group date']//button]
2022-12-20 22:13:05 INFO  ProductPage :83 - Enter Qty1to quantity field [[ChromeDriver: chrome on WINDOWS (a7c84882952a6dd3319ae0a5e6e7899f)] -> xpath: //input[@id='input-quantity']]
2022-12-20 22:13:06 INFO  ProductPage :88 - Clicking on Login Button [[ChromeDriver: chrome on WINDOWS (a7c84882952a6dd3319ae0a5e6e7899f)] -> xpath: //button[@id='button-cart']]
2022-12-20 22:13:06 INFO  ProductPage :93 - Verify the Message “Success: You have added HP LP3065 to your shopping cart!” [[ChromeDriver: chrome on WINDOWS (a7c84882952a6dd3319ae0a5e6e7899f)] -> xpath: //div[@class='alert alert-success alert-dismissible']]
2022-12-20 22:13:08 INFO  ProductPage :100 - Click on link “shopping cart” display into success message [[ChromeDriver: chrome on WINDOWS (a7c84882952a6dd3319ae0a5e6e7899f)] -> xpath: //a[contains(text(),'shopping cart')]]
2022-12-20 22:13:08 INFO  ShoppingCartPage :46 -  Verify the text "Shopping Cart" [[ChromeDriver: chrome on WINDOWS (a7c84882952a6dd3319ae0a5e6e7899f)] -> xpath: //div[@id='content']//h1]
2022-12-20 22:13:08 INFO  ShoppingCartPage :51 - Verify the Product name "HP LP3065" [[ChromeDriver: chrome on WINDOWS (a7c84882952a6dd3319ae0a5e6e7899f)] -> xpath: //div[@class = 'table-responsive']/table/tbody/tr/td[2]/a]
2022-12-20 22:13:08 INFO  ShoppingCartPage :56 - Verify the Delivery Date "2022-11-30" [[ChromeDriver: chrome on WINDOWS (a7c84882952a6dd3319ae0a5e6e7899f)] -> xpath: //small[contains(text(),'Delivery Date: 2022-11-30')]]
2022-12-20 22:13:08 INFO  ShoppingCartPage :61 - Verify the Model "Product21" [[ChromeDriver: chrome on WINDOWS (a7c84882952a6dd3319ae0a5e6e7899f)] -> xpath: //td[contains(text(),'Product 21')]]
2022-12-20 22:13:08 INFO  ShoppingCartPage :66 - Verify the Todat "£74.73"[[ChromeDriver: chrome on WINDOWS (a7c84882952a6dd3319ae0a5e6e7899f)] -> xpath: //div[@class = 'table-responsive']/table/tbody/tr/td[6]]
2022-12-20 22:13:59 INFO  HomePage :83 - Mouse hover on “Laptops & Notebooks” Tab and click [[ChromeDriver: chrome on WINDOWS (08dbe1e8f392e202b5fcf480e850a2a0)] -> link text: Laptops & Notebooks]
2022-12-20 22:14:00 INFO  HomePage :102 - Click on Show All LaptopAndNotebook Tab [[ChromeDriver: chrome on WINDOWS (08dbe1e8f392e202b5fcf480e850a2a0)] -> link text: Show All Laptops & Notebooks]
2022-12-20 22:14:00 INFO  DesktopPage :46 - Click on sort by position [[ChromeDriver: chrome on WINDOWS (08dbe1e8f392e202b5fcf480e850a2a0)] -> id: input-sort]
2022-12-20 22:14:01 INFO  DesktopPage :78 - Select option product sorted by Price (High > Low)from sort by options [[ChromeDriver: chrome on WINDOWS (08dbe1e8f392e202b5fcf480e850a2a0)] -> id: input-sort]
2022-12-20 22:14:01 INFO  LaptopAndNotebookPage :66 - Verify Product sorted  price High to low [[[ChromeDriver: chrome on WINDOWS (08dbe1e8f392e202b5fcf480e850a2a0)] -> xpath: //p[@class ='price']], [[ChromeDriver: chrome on WINDOWS (08dbe1e8f392e202b5fcf480e850a2a0)] -> xpath: //p[@class ='price']], [[ChromeDriver: chrome on WINDOWS (08dbe1e8f392e202b5fcf480e850a2a0)] -> xpath: //p[@class ='price']], [[ChromeDriver: chrome on WINDOWS (08dbe1e8f392e202b5fcf480e850a2a0)] -> xpath: //p[@class ='price']], [[ChromeDriver: chrome on WINDOWS (08dbe1e8f392e202b5fcf480e850a2a0)] -> xpath: //p[@class ='price']]]
2022-12-20 22:14:01 INFO  LaptopAndNotebookPage :66 - Verify Product sorted  price High to low [[[ChromeDriver: chrome on WINDOWS (08dbe1e8f392e202b5fcf480e850a2a0)] -> xpath: //p[@class ='price']], [[ChromeDriver: chrome on WINDOWS (08dbe1e8f392e202b5fcf480e850a2a0)] -> xpath: //p[@class ='price']], [[ChromeDriver: chrome on WINDOWS (08dbe1e8f392e202b5fcf480e850a2a0)] -> xpath: //p[@class ='price']], [[ChromeDriver: chrome on WINDOWS (08dbe1e8f392e202b5fcf480e850a2a0)] -> xpath: //p[@class ='price']], [[ChromeDriver: chrome on WINDOWS (08dbe1e8f392e202b5fcf480e850a2a0)] -> xpath: //p[@class ='price']]]
2022-12-20 22:23:58 INFO  HomePage :77 - Mouse hover on “Desktops” Tab and click [[ChromeDriver: chrome on WINDOWS (f4b162d91a7986cbe6188d4c7d2ed2b2)] -> link text: Desktops]
2022-12-20 22:23:59 INFO  HomePage :96 - Click on Show All Desktop tab [[ChromeDriver: chrome on WINDOWS (f4b162d91a7986cbe6188d4c7d2ed2b2)] -> link text: Show All Desktops]
2022-12-20 22:23:59 INFO  DesktopPage :46 - Click on sort by position [[ChromeDriver: chrome on WINDOWS (f4b162d91a7986cbe6188d4c7d2ed2b2)] -> id: input-sort]
2022-12-20 22:24:00 INFO  DesktopPage :78 - Select option product sorted by Name (Z - A)from sort by options [[ChromeDriver: chrome on WINDOWS (f4b162d91a7986cbe6188d4c7d2ed2b2)] -> id: input-sort]
2022-12-20 22:32:47 INFO  HomePage :77 - Mouse hover on “Desktops” Tab and click [[ChromeDriver: chrome on WINDOWS (caa21af89fa40a64543dcafa7b46c4f6)] -> link text: Desktops]
2022-12-20 22:32:48 INFO  HomePage :96 - Click on Show All Desktop tab [[ChromeDriver: chrome on WINDOWS (caa21af89fa40a64543dcafa7b46c4f6)] -> link text: Show All Desktops]
2022-12-20 22:32:48 INFO  HomePage :109 - Clicking on Currency on top of page [[ChromeDriver: chrome on WINDOWS (caa21af89fa40a64543dcafa7b46c4f6)] -> xpath: //span[contains(text(),'Currency')]]
2022-12-20 22:32:49 INFO  HomePage :117 - Select £ Pound Sterling from currency drop down list [[[ChromeDriver: chrome on WINDOWS (caa21af89fa40a64543dcafa7b46c4f6)] -> xpath: //ul[@class = 'dropdown-menu']/li], [[ChromeDriver: chrome on WINDOWS (caa21af89fa40a64543dcafa7b46c4f6)] -> xpath: //ul[@class = 'dropdown-menu']/li], [[ChromeDriver: chrome on WINDOWS (caa21af89fa40a64543dcafa7b46c4f6)] -> xpath: //ul[@class = 'dropdown-menu']/li]]
2022-12-20 22:32:49 INFO  DesktopPage :78 - Select option product sorted by Name (A - Z)from sort by options [[ChromeDriver: chrome on WINDOWS (caa21af89fa40a64543dcafa7b46c4f6)] -> id: input-sort]
2022-12-20 22:32:51 INFO  DesktopPage :84 - Clicking on HP LP3065[[ChromeDriver: chrome on WINDOWS (caa21af89fa40a64543dcafa7b46c4f6)] -> xpath: //a[contains(text(),'HP LP3065')]]
2022-12-20 22:32:51 INFO  ProductPage :53 - Verify the Text "HP LP3065" [[ChromeDriver: chrome on WINDOWS (caa21af89fa40a64543dcafa7b46c4f6)] -> xpath: //a[contains(text(),'HP LP3065')]]
2022-12-20 22:32:51 INFO  ProductPage :59 - Select 2022November30to date field [[ChromeDriver: chrome on WINDOWS (caa21af89fa40a64543dcafa7b46c4f6)] -> xpath: //div[@class = 'input-group date']//button]
2022-12-20 22:46:53 INFO  HomePage :77 - Mouse hover on “Desktops” Tab and click [[ChromeDriver: chrome on WINDOWS (65ceb1381c8dc8c9bcbfd28f3e5fa078)] -> link text: Desktops]
2022-12-20 22:46:54 INFO  HomePage :96 - Click on Show All Desktop tab [[ChromeDriver: chrome on WINDOWS (65ceb1381c8dc8c9bcbfd28f3e5fa078)] -> link text: Show All Desktops]
2022-12-20 22:46:54 INFO  HomePage :109 - Clicking on Currency on top of page [[ChromeDriver: chrome on WINDOWS (65ceb1381c8dc8c9bcbfd28f3e5fa078)] -> xpath: //span[contains(text(),'Currency')]]
2022-12-20 22:46:55 INFO  HomePage :117 - Select £ Pound Sterling from currency drop down list [[[ChromeDriver: chrome on WINDOWS (65ceb1381c8dc8c9bcbfd28f3e5fa078)] -> xpath: //ul[@class = 'dropdown-menu']/li], [[ChromeDriver: chrome on WINDOWS (65ceb1381c8dc8c9bcbfd28f3e5fa078)] -> xpath: //ul[@class = 'dropdown-menu']/li], [[ChromeDriver: chrome on WINDOWS (65ceb1381c8dc8c9bcbfd28f3e5fa078)] -> xpath: //ul[@class = 'dropdown-menu']/li]]
2022-12-20 22:46:56 INFO  DesktopPage :78 - Select option product sorted by Name (A - Z)from sort by options [[ChromeDriver: chrome on WINDOWS (65ceb1381c8dc8c9bcbfd28f3e5fa078)] -> id: input-sort]
2022-12-20 22:46:58 INFO  DesktopPage :84 - Clicking on HP LP3065[[ChromeDriver: chrome on WINDOWS (65ceb1381c8dc8c9bcbfd28f3e5fa078)] -> xpath: //a[contains(text(),'HP LP3065')]]
2022-12-20 22:46:58 INFO  ProductPage :53 - Verify the Text "HP LP3065" [[ChromeDriver: chrome on WINDOWS (65ceb1381c8dc8c9bcbfd28f3e5fa078)] -> xpath: //a[contains(text(),'HP LP3065')]]
2022-12-20 22:46:59 INFO  ProductPage :59 - Select 2022November30to date field [[ChromeDriver: chrome on WINDOWS (65ceb1381c8dc8c9bcbfd28f3e5fa078)] -> xpath: //div[@class = 'input-group date']//button]
2022-12-20 22:47:35 INFO  HomePage :83 - Mouse hover on “Laptops & Notebooks” Tab and click [[ChromeDriver: chrome on WINDOWS (ce7414db8d60983ad97b3b4034cf38c2)] -> link text: Laptops & Notebooks]
2022-12-20 22:47:36 INFO  HomePage :71 - Click Show All Laptops & Notebooksfrom hompage top menubar  [[[ChromeDriver: chrome on WINDOWS (ce7414db8d60983ad97b3b4034cf38c2)] -> xpath: //nav[@id='menu']//ul/li[contains(@class, 'open')]/div/child::*], [[ChromeDriver: chrome on WINDOWS (ce7414db8d60983ad97b3b4034cf38c2)] -> xpath: //nav[@id='menu']//ul/li[contains(@class, 'open')]/div/child::*]]
2022-12-20 22:47:36 INFO  LaptopAndNotebookPage :39 - Verify the text ‘Laptops & Notebooks’ [[ChromeDriver: chrome on WINDOWS (ce7414db8d60983ad97b3b4034cf38c2)] -> xpath: //h2[contains(text(),'Laptops & Notebooks')]]
